<?xml version="1.0" encoding="UTF-8"?>
<!-- Generated by org.testng.reporters.JUnitXMLReporter -->
<testsuite ignored="0" hostname="DESKTOP-T4AC8E8" failures="0" tests="3" name="Default test" time="38.868" errors="0" timestamp="2023-04-27T20:18:56 IST">
  <testcase classname="com.Volvocars.qa.TestCases.VolvoCarsTestCases" name="validateCarsHeaderDisplayAfterClickOnOurCar" time="3.253"/>
  <testcase classname="com.Volvocars.qa.TestCases.VolvoCarsTestCases" name="validatePageTitle" time="0.052"/>
  <testcase classname="com.Volvocars.qa.TestCases.VolvoCarsTestCases" name="validateSubMenuOptionIsVisibleInMenu" time="2.517"/>
</testsuite> <!-- Default test -->
